<?xml version="1.0" encoding="UTF-8"?>
<!-- Generated by org.testng.reporters.JUnitXMLReporter -->
<testsuite hostname="CNLEN1845000606" ignored="3" name="UITest" tests="2" failures="0" timestamp="2022-11-03T17:32:09 CST" time="7.765" errors="0">
  <testcase name="test01" time="0.044" classname="testcase.Test1"/>
  <testcase name="testUI" time="7.645" classname="testcase.Test1"/>
  <testcase name="test03" time="0.0" classname="testcase.TestNgDemo">
    <ignored/>
  </testcase> <!-- test03 -->
  <testcase name="test02" time="0.0" classname="testcase.TestNgDemo">
    <ignored/>
  </testcase> <!-- test02 -->
  <testcase name="test01" time="0.0" classname="testcase.TestNgDemo">
    <ignored/>
  </testcase> <!-- test01 -->
</testsuite> <!-- UITest -->
