<?xml version="1.0" encoding="UTF-8"?>
<testng-results skipped="0" failed="0" ignored="3" total="5" passed="2">
  <reporter-output>
  </reporter-output>
  <suite name="TestAll" duration-ms="7765" started-at="2022-11-03T17:32:01 CST" finished-at="2022-11-03T17:32:09 CST">
    <groups>
    </groups>
    <test name="UITest" duration-ms="7765" started-at="2022-11-03T17:32:01 CST" finished-at="2022-11-03T17:32:09 CST">
      <class name="testcase.Test1">
        <test-method status="PASS" signature="test01()[pri:0, instance:testcase.Test1@7e0b85f9]" name="test01" duration-ms="44" started-at="2022-11-03T17:32:01 CST" finished-at="2022-11-03T17:32:01 CST">
          <reporter-output>
          </reporter-output>
        </test-method> <!-- test01 -->
        <test-method status="PASS" signature="testUI()[pri:0, instance:testcase.Test1@7e0b85f9]" name="testUI" duration-ms="7645" started-at="2022-11-03T17:32:02 CST" finished-at="2022-11-03T17:32:09 CST">
          <reporter-output>
          </reporter-output>
        </test-method> <!-- testUI -->
      </class> <!-- testcase.Test1 -->
    </test> <!-- UITest -->
  </suite> <!-- TestAll -->
</testng-results>
